<?xml version="1.0" encoding="UTF-8"?>
<!-- Generated by org.testng.reporters.JUnitXMLReporter -->
<testsuite hostname="110336mba.local" ignored="0" name="Test" tests="3" failures="1" timestamp="02 Jun 2020 11:07:45 GMT" time="29.542" errors="0">
  <testcase name="testGoogle" time="14.971" classname="ER.ER.EReport2"/>
  <testcase name="testYahoo" time="18.812" classname="ER.ER.EReport3">
    <failure type="java.lang.AssertionError" message="expected [false] but found [true]">
      <![CDATA[java.lang.AssertionError: expected [false] but found [true]
at ER.ER.EReport3.testYahoo(EReport3.java:19)
at java.util.concurrent.ThreadPoolExecutor.runWorker(ThreadPoolExecutor.java:1142)
at java.util.concurrent.ThreadPoolExecutor$Worker.run(ThreadPoolExecutor.java:617)
at java.lang.Thread.run(Thread.java:745)
... Removed 14 stack frames]]>
    </failure>
  </testcase> <!-- testYahoo -->
  <testcase name="testYouTube" time="29.484" classname="ER.ER.EReport1"/>
</testsuite> <!-- Test -->
