<?xml version="1.0" encoding="UTF-8"?>
<testsuite xmlns:xsi="http://www.w3.org/2001/XMLSchema-instance" xsi:noNamespaceSchemaLocation="https://maven.apache.org/surefire/maven-surefire-plugin/xsd/surefire-test-report.xsd" name="TestSuite" time="34.067" tests="3" errors="0" skipped="0" failures="1">
  <properties>
[...]
</properties>
  <testcase name="testGoogle" classname="ER.ER.EReport2" time="14.977"/>
  <testcase name="testYahoo" classname="ER.ER.EReport3" time="20.384">
    <failure message="expected [false] but found [true]" type="java.lang.AssertionError">java.lang.AssertionError: expected [false] but found [true]
	at ER.ER.EReport3.testYahoo(EReport3.java:19)
</failure>
    <system-out><![CDATA[Yahoo India | News, Finance, Cricket, Lifestyle and Entertainment
]]></system-out>
  </testcase>
  <testcase name="testYouTube" classname="ER.ER.EReport1" time="29.476"/>
</testsuite>